[31-Aug-2018 20:23:31 UTC] PHP Parse error:  syntax error, unexpected '<', expecting end of file in phar:///usr/local/bin/wp/vendor/rmccue/requests/library/Requests.php on line 212
[31-Aug-2018 20:23:31 UTC] PHP Fatal error:  Uncaught Error: Class 'WP_CLI\SynopsisValidator' not found in phar:///usr/local/bin/wp/php/WP_CLI/Dispatcher/Subcommand.php:254
Stack trace:
#0 phar:///usr/local/bin/wp/php/WP_CLI/Dispatcher/Subcommand.php(386): WP_CLI\Dispatcher\Subcommand->validate_args(Array, Array, Array)
#1 phar:///usr/local/bin/wp/php/WP_CLI/Runner.php(323): WP_CLI\Dispatcher\Subcommand->invoke(Array, Array, Array)
#2 phar:///usr/local/bin/wp/php/WP_CLI/Runner.php(330): WP_CLI\Runner->run_command(Array, Array)
#3 phar:///usr/local/bin/wp/php/WP_CLI/Runner.php(985): WP_CLI\Runner->_run_command()
#4 phar:///usr/local/bin/wp/php/WP_CLI/Bootstrap/LaunchRunner.php(23): WP_CLI\Runner->start()
#5 phar:///usr/local/bin/wp/php/bootstrap.php(75): WP_CLI\Bootstrap\LaunchRunner->process(Object(WP_CLI\Bootstrap\BootstrapState))
#6 phar:///usr/local/bin/wp/php/wp-cli.php(23): WP_CLI\bootstrap()
#7 phar:///usr/local/bin/wp/php/boot-phar.php(8): include('phar:///usr/loc...')
#8 /usr/local/bin/wp(4): include('phar:///usr/loc...')
#9 {main}
  thrown in phar:///usr/local/bin/wp/php/WP_CLI/Dispatcher/Subcommand.php on line 254
[10-Sep-2018 07:27:29 UTC] PHP Fatal error:  Uncaught Error: Call to undefined function permalink() in /app/public/wp-content/themes/university-theme/index.php:5
Stack trace:
#0 /app/public/wp-includes/template-loader.php(74): include()
#1 /app/public/wp-blog-header.php(19): require_once('/app/public/wp-...')
#2 /app/public/index.php(17): require('/app/public/wp-...')
#3 {main}
  thrown in /app/public/wp-content/themes/university-theme/index.php on line 5
[12-Sep-2018 11:23:41 UTC] PHP Parse error:  syntax error, unexpected 'wp_enqueue_style' (T_STRING) in /app/public/wp-content/themes/university-theme/functions.php on line 4
[12-Sep-2018 11:23:42 UTC] PHP Parse error:  syntax error, unexpected 'wp_enqueue_style' (T_STRING) in /app/public/wp-content/themes/university-theme/functions.php on line 4
[12-Sep-2018 11:31:52 UTC] PHP Parse error:  syntax error, unexpected ''/images/bus.jpg ?>);">' (T_ENCAPSED_AND_WHITESPACE) in /app/public/wp-content/themes/university-theme/index.php on line 74
[12-Sep-2018 19:39:02 UTC] PHP Parse error:  syntax error, unexpected ';', expecting ')' in /app/public/wp-content/themes/university-theme/page.php on line 27
[12-Sep-2018 20:14:36 UTC] PHP Parse error:  syntax error, unexpected ',' in /app/public/wp-content/themes/university-theme/functions.php on line 12
[12-Sep-2018 20:14:44 UTC] PHP Parse error:  syntax error, unexpected ',' in /app/public/wp-content/themes/university-theme/functions.php on line 12
[12-Sep-2018 20:15:22 UTC] PHP Parse error:  syntax error, unexpected ',' in /app/public/wp-content/themes/university-theme/functions.php on line 12
[13-Sep-2018 19:57:54 UTC] PHP Fatal error:  Uncaught Error: Call to undefined function single_category_title() in /app/public/wp-content/themes/university-theme/archive.php:7
Stack trace:
#0 /app/public/wp-includes/template-loader.php(74): include()
#1 /app/public/wp-blog-header.php(19): require_once('/app/public/wp-...')
#2 /app/public/index.php(17): require('/app/public/wp-...')
#3 {main}
  thrown in /app/public/wp-content/themes/university-theme/archive.php on line 7
[14-Sep-2018 20:00:10 UTC] PHP Fatal error:  Uncaught Error: Call to undefined function get_post_tzpe() in /app/public/wp-content/themes/university-theme/header.php:27
Stack trace:
#0 /app/public/wp-includes/template.php(688): require_once()
#1 /app/public/wp-includes/template.php(647): load_template('/app/public/wp-...', true)
#2 /app/public/wp-includes/general-template.php(41): locate_template(Array, true)
#3 /app/public/wp-content/themes/university-theme/front-page.php(1): get_header()
#4 /app/public/wp-includes/template-loader.php(74): include('/app/public/wp-...')
#5 /app/public/wp-blog-header.php(19): require_once('/app/public/wp-...')
#6 /app/public/index.php(17): require('/app/public/wp-...')
#7 {main}
  thrown in /app/public/wp-content/themes/university-theme/header.php on line 27
[14-Sep-2018 20:00:20 UTC] PHP Fatal error:  Uncaught Error: Call to undefined function get_post_tzpe() in /app/public/wp-content/themes/university-theme/header.php:27
Stack trace:
#0 /app/public/wp-includes/template.php(688): require_once()
#1 /app/public/wp-includes/template.php(647): load_template('/app/public/wp-...', true)
#2 /app/public/wp-includes/general-template.php(41): locate_template(Array, true)
#3 /app/public/wp-content/themes/university-theme/front-page.php(1): get_header()
#4 /app/public/wp-includes/template-loader.php(74): include('/app/public/wp-...')
#5 /app/public/wp-blog-header.php(19): require_once('/app/public/wp-...')
#6 /app/public/index.php(17): require('/app/public/wp-...')
#7 {main}
  thrown in /app/public/wp-content/themes/university-theme/header.php on line 27
