[31-Aug-2018 20:22:45] NOTICE: fpm is running, pid 16
[31-Aug-2018 20:22:45] NOTICE: ready to handle connections
[31-Aug-2018 20:25:40] NOTICE: Terminating ...
[31-Aug-2018 20:25:40] NOTICE: exiting, bye-bye!
[31-Aug-2018 20:46:09] NOTICE: fpm is running, pid 34
[31-Aug-2018 20:46:09] NOTICE: ready to handle connections
[02-Sep-2018 14:21:33] NOTICE: fpm is running, pid 34
[02-Sep-2018 14:21:33] NOTICE: ready to handle connections
[10-Sep-2018 07:07:46] NOTICE: fpm is running, pid 35
[10-Sep-2018 07:07:46] NOTICE: ready to handle connections
[11-Sep-2018 18:44:43] NOTICE: Terminating ...
[11-Sep-2018 18:44:43] NOTICE: exiting, bye-bye!
[12-Sep-2018 11:03:38] NOTICE: fpm is running, pid 34
[12-Sep-2018 11:03:38] NOTICE: ready to handle connections
[12-Sep-2018 20:34:59] NOTICE: Terminating ...
[12-Sep-2018 20:34:59] NOTICE: exiting, bye-bye!
[13-Sep-2018 08:03:23] NOTICE: fpm is running, pid 34
[13-Sep-2018 08:03:23] NOTICE: ready to handle connections
[13-Sep-2018 18:24:08] NOTICE: fpm is running, pid 34
[13-Sep-2018 18:24:08] NOTICE: ready to handle connections
[13-Sep-2018 20:05:47] NOTICE: Terminating ...
[13-Sep-2018 20:05:47] NOTICE: exiting, bye-bye!
[14-Sep-2018 19:07:24] NOTICE: fpm is running, pid 34
[14-Sep-2018 19:07:24] NOTICE: ready to handle connections
[14-Sep-2018 20:03:56] NOTICE: Terminating ...
[14-Sep-2018 20:03:56] NOTICE: exiting, bye-bye!
[15-Sep-2018 08:05:04] NOTICE: fpm is running, pid 34
[15-Sep-2018 08:05:04] NOTICE: ready to handle connections
[15-Sep-2018 21:18:55] NOTICE: Terminating ...
[15-Sep-2018 21:18:55] NOTICE: exiting, bye-bye!
